<?xml version="1.0" encoding="UTF-8"?>
<testsuite xmlns:xsi="http://www.w3.org/2001/XMLSchema-instance" xsi:noNamespaceSchemaLocation="https://maven.apache.org/surefire/maven-surefire-plugin/xsd/surefire-test-report-3.0.xsd" version="3.0" name="com.w3technologies.W3AssignmentProjectApplicationTests" time="19.083" tests="1" errors="0" skipped="0" failures="0">
  <properties>
[...]
</properties>
  <testcase name="contextLoads" classname="com.w3technologies.W3AssignmentProjectApplicationTests" time="1.723">
    <system-out><![CDATA[18:49:59.387 [main] INFO org.springframework.test.context.support.AnnotationConfigContextLoaderUtils -- Could not detect default configuration classes for test class [com.w3technologies.W3AssignmentProjectApplicationTests]: W3AssignmentProjectApplicationTests does not declare any static, non-private, non-final, nested classes annotated with @Configuration.
18:49:59.725 [main] INFO org.springframework.boot.test.context.SpringBootTestContextBootstrapper -- Found @SpringBootConfiguration com.w3technologies.W3AssignmentProjectApplication for test class com.w3technologies.W3AssignmentProjectApplicationTests
18:50:00.323 [main] INFO org.springframework.boot.devtools.restart.RestartApplicationListener -- Restart disabled due to context in which it is running

  .   ____          _            __ _ _
 /\\ / ___'_ __ _ _(_)_ __  __ _ \ \ \ \
( ( )\___ | '_ | '_| | '_ \/ _` | \ \ \ \
 \\/  ___)| |_)| | | | | || (_| |  ) ) ) )
  '  |____| .__|_| |_|_| |_\__, | / / / /
 =========|_|==============|___/=/_/_/_/
 :: Spring Boot ::                (v3.1.5)

2023-10-30T18:50:01.297+05:30  INFO 13628 --- [           main] c.w.W3AssignmentProjectApplicationTests  : Starting W3AssignmentProjectApplicationTests using Java 17.0.9 with PID 13628 (started by Bhaviteja in C:\Users\Bhaviteja\Desktop\W3Technologies\W3AssignmentProject\W3AssignmentProject)
2023-10-30T18:50:01.304+05:30  INFO 13628 --- [           main] c.w.W3AssignmentProjectApplicationTests  : No active profile set, falling back to 1 default profile: "default"
2023-10-30T18:50:03.789+05:30  INFO 13628 --- [           main] .s.d.r.c.RepositoryConfigurationDelegate : Bootstrapping Spring Data JPA repositories in DEFAULT mode.
2023-10-30T18:50:04.036+05:30  INFO 13628 --- [           main] .s.d.r.c.RepositoryConfigurationDelegate : Finished Spring Data repository scanning in 219 ms. Found 2 JPA repository interfaces.
2023-10-30T18:50:05.636+05:30  INFO 13628 --- [           main] o.hibernate.jpa.internal.util.LogHelper  : HHH000204: Processing PersistenceUnitInfo [name: default]
2023-10-30T18:50:05.920+05:30  INFO 13628 --- [           main] org.hibernate.Version                    : HHH000412: Hibernate ORM core version 6.2.13.Final
2023-10-30T18:50:05.932+05:30  INFO 13628 --- [           main] org.hibernate.cfg.Environment            : HHH000406: Using bytecode reflection optimizer
2023-10-30T18:50:07.719+05:30  INFO 13628 --- [           main] o.s.o.j.p.SpringPersistenceUnitInfo      : No LoadTimeWeaver setup: ignoring JPA class transformer
2023-10-30T18:50:07.822+05:30  INFO 13628 --- [           main] com.zaxxer.hikari.HikariDataSource       : HikariPool-1 - Starting...
2023-10-30T18:50:09.357+05:30  INFO 13628 --- [           main] com.zaxxer.hikari.pool.HikariPool        : HikariPool-1 - Added connection com.mysql.cj.jdbc.ConnectionImpl@6d0114c0
2023-10-30T18:50:09.366+05:30  INFO 13628 --- [           main] com.zaxxer.hikari.HikariDataSource       : HikariPool-1 - Start completed.
2023-10-30T18:50:12.550+05:30  INFO 13628 --- [           main] o.h.e.t.j.p.i.JtaPlatformInitiator       : HHH000489: No JTA platform available (set 'hibernate.transaction.jta.platform' to enable JTA platform integration)
2023-10-30T18:50:12.817+05:30  INFO 13628 --- [           main] j.LocalContainerEntityManagerFactoryBean : Initialized JPA EntityManagerFactory for persistence unit 'default'
2023-10-30T18:50:14.647+05:30  WARN 13628 --- [           main] JpaBaseConfiguration$JpaWebConfiguration : spring.jpa.open-in-view is enabled by default. Therefore, database queries may be performed during view rendering. Explicitly configure spring.jpa.open-in-view to disable this warning
2023-10-30T18:50:16.097+05:30  INFO 13628 --- [           main] c.w.W3AssignmentProjectApplicationTests  : Started W3AssignmentProjectApplicationTests in 15.81 seconds (process running for 18.955)
]]></system-out>
  </testcase>
</testsuite>